c:\users\lordm\source\repos\consoleapplication1\consoleapplication1\x64\debug\vc143.pdb
c:\users\lordm\source\repos\consoleapplication1\consoleapplication1\x64\debug\vc143.idb
c:\users\lordm\source\repos\consoleapplication1\consoleapplication1\x64\debug\menu.obj
c:\users\lordm\source\repos\consoleapplication1\consoleapplication1\x64\debug\imgui_widgets.obj
c:\users\lordm\source\repos\consoleapplication1\consoleapplication1\x64\debug\imgui_tables.obj
c:\users\lordm\source\repos\consoleapplication1\consoleapplication1\x64\debug\imgui_impl_win32.obj
c:\users\lordm\source\repos\consoleapplication1\consoleapplication1\x64\debug\imgui_impl_dx9.obj
c:\users\lordm\source\repos\consoleapplication1\consoleapplication1\x64\debug\imgui_draw.obj
c:\users\lordm\source\repos\consoleapplication1\consoleapplication1\x64\debug\imgui_demo.obj
c:\users\lordm\source\repos\consoleapplication1\consoleapplication1\x64\debug\imgui.obj
c:\users\lordm\source\repos\consoleapplication1\consoleapplication1\x64\debug\hwid.obj
c:\users\lordm\source\repos\consoleapplication1\consoleapplication1\x64\debug\easywsclient.obj
c:\users\lordm\source\repos\consoleapplication1\consoleapplication1\x64\debug\consoleapplication1.obj
c:\users\lordm\source\repos\consoleapplication1\consoleapplication1\x64\debug\consoleapplication1.ilk
c:\users\lordm\source\repos\consoleapplication1\x64\debug\consoleapplication1.pdb
c:\users\lordm\source\repos\consoleapplication1\x64\debug\consoleapplication1.exe
c:\users\lordm\source\repos\consoleapplication1\consoleapplication1\x64\debug\consolea.290b4d32.tlog\cl.command.1.tlog
c:\users\lordm\source\repos\consoleapplication1\consoleapplication1\x64\debug\consolea.290b4d32.tlog\cl.read.1.tlog
c:\users\lordm\source\repos\consoleapplication1\consoleapplication1\x64\debug\consolea.290b4d32.tlog\cl.write.1.tlog
c:\users\lordm\source\repos\consoleapplication1\consoleapplication1\x64\debug\consolea.290b4d32.tlog\link.command.1.tlog
c:\users\lordm\source\repos\consoleapplication1\consoleapplication1\x64\debug\consolea.290b4d32.tlog\link.read.1.tlog
c:\users\lordm\source\repos\consoleapplication1\consoleapplication1\x64\debug\consolea.290b4d32.tlog\link.write.1.tlog
